{"/Users/ryan/dev/openbrain/lambda/src/agent-runner.ts": {"path":"/Users/ryan/dev/openbrain/lambda/src/agent-runner.ts","statementMap":{"0":{"start":{"line":80,"column":0},"end":{"line":80,"column":16}},"1":{"start":{"line":282,"column":0},"end":{"line":282,"column":7}},"2":{"start":{"line":1,"column":0},"end":{"line":1,"column":null}},"3":{"start":{"line":10,"column":0},"end":{"line":10,"column":null}},"4":{"start":{"line":15,"column":0},"end":{"line":15,"column":66}},"5":{"start":{"line":16,"column":0},"end":{"line":16,"column":66}},"6":{"start":{"line":17,"column":0},"end":{"line":17,"column":null}},"7":{"start":{"line":25,"column":2},"end":{"line":25,"column":76}},"8":{"start":{"line":26,"column":24},"end":{"line":26,"column":25}},"9":{"start":{"line":27,"column":24},"end":{"line":27,"column":30}},"10":{"start":{"line":29,"column":25},"end":{"line":29,"column":31}},"11":{"start":{"line":30,"column":16},"end":{"line":30,"column":29}},"12":{"start":{"line":31,"column":16},"end":{"line":31,"column":29}},"13":{"start":{"line":33,"column":16},"end":{"line":33,"column":44}},"14":{"start":{"line":34,"column":12},"end":{"line":34,"column":34}},"15":{"start":{"line":35,"column":20},"end":{"line":35,"column":76}},"16":{"start":{"line":38,"column":20},"end":{"line":38,"column":68}},"17":{"start":{"line":39,"column":2},"end":{"line":55,"column":3}},"18":{"start":{"line":40,"column":4},"end":{"line":50,"column":8}},"19":{"start":{"line":51,"column":4},"end":{"line":51,"column":16}},"20":{"start":{"line":53,"column":4},"end":{"line":53,"column":89}},"21":{"start":{"line":53,"column":76},"end":{"line":53,"column":89}},"22":{"start":{"line":54,"column":4},"end":{"line":54,"column":12}},"23":{"start":{"line":59,"column":2},"end":{"line":62,"column":6}},"24":{"start":{"line":66,"column":28},"end":{"line":74,"column":2}},"25":{"start":{"line":77,"column":2},"end":{"line":77,"column":54}},"26":{"start":{"line":77,"column":41},"end":{"line":77,"column":52}},"27":{"start":{"line":81,"column":16},"end":{"line":81,"column":38}},"28":{"start":{"line":82,"column":2},"end":{"line":82,"column":75}},"29":{"start":{"line":82,"column":58},"end":{"line":82,"column":75}},"30":{"start":{"line":83,"column":2},"end":{"line":83,"column":51}},"31":{"start":{"line":83,"column":32},"end":{"line":83,"column":51}},"32":{"start":{"line":84,"column":24},"end":{"line":84,"column":70}},"33":{"start":{"line":85,"column":2},"end":{"line":89,"column":3}},"34":{"start":{"line":86,"column":20},"end":{"line":86,"column":50}},"35":{"start":{"line":87,"column":4},"end":{"line":87,"column":69}},"36":{"start":{"line":87,"column":51},"end":{"line":87,"column":69}},"37":{"start":{"line":88,"column":4},"end":{"line":88,"column":28}},"38":{"start":{"line":90,"column":22},"end":{"line":90,"column":59}},"39":{"start":{"line":91,"column":2},"end":{"line":95,"column":3}},"40":{"start":{"line":92,"column":18},"end":{"line":92,"column":46}},"41":{"start":{"line":93,"column":4},"end":{"line":93,"column":65}},"42":{"start":{"line":93,"column":47},"end":{"line":93,"column":65}},"43":{"start":{"line":94,"column":4},"end":{"line":94,"column":29}},"44":{"start":{"line":96,"column":2},"end":{"line":96,"column":20}},"45":{"start":{"line":100,"column":2},"end":{"line":100,"column":35}},"46":{"start":{"line":100,"column":23},"end":{"line":100,"column":35}},"47":{"start":{"line":101,"column":19},"end":{"line":101,"column":46}},"48":{"start":{"line":102,"column":2},"end":{"line":102,"column":49}},"49":{"start":{"line":105,"column":28},"end":{"line":154,"column":2}},"50":{"start":{"line":162,"column":2},"end":{"line":188,"column":3}},"51":{"start":{"line":163,"column":16},"end":{"line":163,"column":34}},"52":{"start":{"line":164,"column":4},"end":{"line":164,"column":97}},"53":{"start":{"line":164,"column":27},"end":{"line":164,"column":97}},"54":{"start":{"line":165,"column":4},"end":{"line":187,"column":5}},"55":{"start":{"line":166,"column":18},"end":{"line":169,"column":8}},"56":{"start":{"line":171,"column":21},"end":{"line":171,"column":42}},"57":{"start":{"line":172,"column":6},"end":{"line":172,"column":52}},"58":{"start":{"line":172,"column":19},"end":{"line":172,"column":52}},"59":{"start":{"line":173,"column":22},"end":{"line":173,"column":39}},"60":{"start":{"line":174,"column":17},"end":{"line":174,"column":19}},"61":{"start":{"line":175,"column":6},"end":{"line":179,"column":7}},"62":{"start":{"line":176,"column":32},"end":{"line":176,"column":51}},"63":{"start":{"line":177,"column":8},"end":{"line":177,"column":24}},"64":{"start":{"line":177,"column":18},"end":{"line":177,"column":24}},"65":{"start":{"line":178,"column":8},"end":{"line":178,"column":56}},"66":{"start":{"line":180,"column":6},"end":{"line":180,"column":22}},"67":{"start":{"line":181,"column":6},"end":{"line":183,"column":7}},"68":{"start":{"line":182,"column":8},"end":{"line":182,"column":67}},"69":{"start":{"line":184,"column":6},"end":{"line":184,"column":18}},"70":{"start":{"line":186,"column":6},"end":{"line":186,"column":74}},"71":{"start":{"line":190,"column":2},"end":{"line":196,"column":3}},"72":{"start":{"line":191,"column":18},"end":{"line":191,"column":38}},"73":{"start":{"line":192,"column":4},"end":{"line":195,"column":6}},"74":{"start":{"line":198,"column":2},"end":{"line":204,"column":3}},"75":{"start":{"line":199,"column":17},"end":{"line":199,"column":36}},"76":{"start":{"line":200,"column":4},"end":{"line":203,"column":6}},"77":{"start":{"line":206,"column":2},"end":{"line":206,"column":49}},"78":{"start":{"line":213,"column":23},"end":{"line":213,"column":28}},"79":{"start":{"line":214,"column":45},"end":{"line":218,"column":4}},"80":{"start":{"line":220,"column":30},"end":{"line":227,"column":4}},"81":{"start":{"line":229,"column":2},"end":{"line":277,"column":3}},"82":{"start":{"line":229,"column":19},"end":{"line":229,"column":20}},"83":{"start":{"line":230,"column":21},"end":{"line":237,"column":null}},"84":{"start":{"line":240,"column":26},"end":{"line":240,"column":50}},"85":{"start":{"line":241,"column":4},"end":{"line":241,"column":30}},"86":{"start":{"line":241,"column":24},"end":{"line":241,"column":30}},"87":{"start":{"line":242,"column":4},"end":{"line":242,"column":33}},"88":{"start":{"line":244,"column":4},"end":{"line":244,"column":50}},"89":{"start":{"line":244,"column":44},"end":{"line":244,"column":50}},"90":{"start":{"line":246,"column":4},"end":{"line":274,"column":5}},"91":{"start":{"line":248,"column":8},"end":{"line":248,"column":61}},"92":{"start":{"line":248,"column":45},"end":{"line":248,"column":54}},"93":{"start":{"line":250,"column":42},"end":{"line":250,"column":44}},"94":{"start":{"line":251,"column":6},"end":{"line":271,"column":7}},"95":{"start":{"line":252,"column":19},"end":{"line":252,"column":33}},"96":{"start":{"line":254,"column":8},"end":{"line":267,"column":9}},"97":{"start":{"line":255,"column":25},"end":{"line":259,"column":null}},"98":{"start":{"line":261,"column":10},"end":{"line":261,"column":66}},"99":{"start":{"line":261,"column":44},"end":{"line":261,"column":66}},"100":{"start":{"line":262,"column":10},"end":{"line":262,"column":45}},"101":{"start":{"line":264,"column":10},"end":{"line":266,"column":12}},"102":{"start":{"line":268,"column":8},"end":{"line":270,"column":11}},"103":{"start":{"line":272,"column":6},"end":{"line":272,"column":60}},"104":{"start":{"line":273,"column":6},"end":{"line":273,"column":15}},"105":{"start":{"line":276,"column":4},"end":{"line":276,"column":10}},"106":{"start":{"line":279,"column":2},"end":{"line":279,"column":24}},"107":{"start":{"line":283,"column":2},"end":{"line":283,"column":42}},"108":{"start":{"line":285,"column":17},"end":{"line":285,"column":39}},"109":{"start":{"line":286,"column":2},"end":{"line":289,"column":3}},"110":{"start":{"line":287,"column":4},"end":{"line":287,"column":69}},"111":{"start":{"line":288,"column":4},"end":{"line":288,"column":11}},"112":{"start":{"line":291,"column":2},"end":{"line":333,"column":3}},"113":{"start":{"line":293,"column":4},"end":{"line":298,"column":5}},"114":{"start":{"line":294,"column":6},"end":{"line":294,"column":40}},"115":{"start":{"line":296,"column":6},"end":{"line":296,"column":49}},"116":{"start":{"line":297,"column":6},"end":{"line":297,"column":13}},"117":{"start":{"line":300,"column":21},"end":{"line":300,"column":44}},"118":{"start":{"line":301,"column":4},"end":{"line":301,"column":80}},"119":{"start":{"line":304,"column":30},"end":{"line":304,"column":31}},"120":{"start":{"line":305,"column":18},"end":{"line":305,"column":54}},"121":{"start":{"line":306,"column":4},"end":{"line":308,"column":5}},"122":{"start":{"line":307,"column":6},"end":{"line":307,"column":91}},"123":{"start":{"line":310,"column":4},"end":{"line":328,"column":5}},"124":{"start":{"line":311,"column":40},"end":{"line":314,"column":8}},"125":{"start":{"line":316,"column":6},"end":{"line":327,"column":7}},"126":{"start":{"line":317,"column":8},"end":{"line":317,"column":76}},"127":{"start":{"line":318,"column":25},"end":{"line":318,"column":62}},"128":{"start":{"line":319,"column":8},"end":{"line":324,"column":9}},"129":{"start":{"line":320,"column":10},"end":{"line":320,"column":60}},"130":{"start":{"line":321,"column":10},"end":{"line":321,"column":51}},"131":{"start":{"line":323,"column":8},"end":{"line":323,"column":98}},"132":{"start":{"line":326,"column":8},"end":{"line":326,"column":63}},"133":{"start":{"line":330,"column":4},"end":{"line":330,"column":41}},"134":{"start":{"line":332,"column":4},"end":{"line":332,"column":27}}},"fnMap":{"0":{"name":"acquireRunLock","decl":{"start":{"line":37,"column":15},"end":{"line":37,"column":29}},"loc":{"start":{"line":37,"column":29},"end":{"line":56,"column":1}}},"1":{"name":"releaseRunLock","decl":{"start":{"line":58,"column":15},"end":{"line":58,"column":29}},"loc":{"start":{"line":58,"column":29},"end":{"line":63,"column":1}}},"2":{"name":"isBlockedUrl","decl":{"start":{"line":76,"column":9},"end":{"line":76,"column":21}},"loc":{"start":{"line":76,"column":33},"end":{"line":78,"column":1}}},"3":{"name":"(anonymous_3)","decl":{"start":{"line":77,"column":34},"end":{"line":77,"column":35}},"loc":{"start":{"line":77,"column":41},"end":{"line":77,"column":52}}},"4":{"name":"scheduleToMs","decl":{"start":{"line":80,"column":16},"end":{"line":80,"column":28}},"loc":{"start":{"line":80,"column":45},"end":{"line":97,"column":1}}},"5":{"name":"isTaskDue","decl":{"start":{"line":99,"column":9},"end":{"line":99,"column":18}},"loc":{"start":{"line":99,"column":34},"end":{"line":103,"column":1}}},"6":{"name":"executeAgentTool","decl":{"start":{"line":156,"column":15},"end":{"line":156,"column":31}},"loc":{"start":{"line":160,"column":27},"end":{"line":207,"column":1}}},"7":{"name":"executeTask","decl":{"start":{"line":209,"column":15},"end":{"line":209,"column":26}},"loc":{"start":{"line":211,"column":27},"end":{"line":280,"column":1}}},"8":{"name":"(anonymous_8)","decl":{"start":{"line":248,"column":38},"end":{"line":248,"column":39}},"loc":{"start":{"line":248,"column":45},"end":{"line":248,"column":54}}},"9":{"name":"handler","decl":{"start":{"line":282,"column":22},"end":{"line":282,"column":29}},"loc":{"start":{"line":282,"column":29},"end":{"line":334,"column":1}}}},"branchMap":{"0":{"loc":{"start":{"line":25,"column":2},"end":{"line":25,"column":76}},"type":"binary-expr","locations":[{"start":{"line":25,"column":2},"end":{"line":25,"column":27}},{"start":{"line":25,"column":31},"end":{"line":25,"column":76}}]},"1":{"loc":{"start":{"line":35,"column":20},"end":{"line":35,"column":76}},"type":"binary-expr","locations":[{"start":{"line":35,"column":20},"end":{"line":35,"column":49}},{"start":{"line":35,"column":53},"end":{"line":35,"column":76}}]},"2":{"loc":{"start":{"line":53,"column":4},"end":{"line":53,"column":89}},"type":"if","locations":[{"start":{"line":53,"column":4},"end":{"line":53,"column":89}}]},"3":{"loc":{"start":{"line":53,"column":8},"end":{"line":53,"column":74}},"type":"binary-expr","locations":[{"start":{"line":53,"column":8},"end":{"line":53,"column":26}},{"start":{"line":53,"column":30},"end":{"line":53,"column":74}}]},"4":{"loc":{"start":{"line":82,"column":2},"end":{"line":82,"column":75}},"type":"if","locations":[{"start":{"line":82,"column":2},"end":{"line":82,"column":75}}]},"5":{"loc":{"start":{"line":82,"column":6},"end":{"line":82,"column":56}},"type":"binary-expr","locations":[{"start":{"line":82,"column":6},"end":{"line":82,"column":30}},{"start":{"line":82,"column":34},"end":{"line":82,"column":56}}]},"6":{"loc":{"start":{"line":83,"column":2},"end":{"line":83,"column":51}},"type":"if","locations":[{"start":{"line":83,"column":2},"end":{"line":83,"column":51}}]},"7":{"loc":{"start":{"line":85,"column":2},"end":{"line":89,"column":3}},"type":"if","locations":[{"start":{"line":85,"column":2},"end":{"line":89,"column":3}}]},"8":{"loc":{"start":{"line":87,"column":4},"end":{"line":87,"column":69}},"type":"if","locations":[{"start":{"line":87,"column":4},"end":{"line":87,"column":69}}]},"9":{"loc":{"start":{"line":87,"column":8},"end":{"line":87,"column":49}},"type":"binary-expr","locations":[{"start":{"line":87,"column":8},"end":{"line":87,"column":33}},{"start":{"line":87,"column":37},"end":{"line":87,"column":49}}]},"10":{"loc":{"start":{"line":91,"column":2},"end":{"line":95,"column":3}},"type":"if","locations":[{"start":{"line":91,"column":2},"end":{"line":95,"column":3}}]},"11":{"loc":{"start":{"line":93,"column":4},"end":{"line":93,"column":65}},"type":"if","locations":[{"start":{"line":93,"column":4},"end":{"line":93,"column":65}}]},"12":{"loc":{"start":{"line":93,"column":8},"end":{"line":93,"column":45}},"type":"binary-expr","locations":[{"start":{"line":93,"column":8},"end":{"line":93,"column":31}},{"start":{"line":93,"column":35},"end":{"line":93,"column":45}}]},"13":{"loc":{"start":{"line":100,"column":2},"end":{"line":100,"column":35}},"type":"if","locations":[{"start":{"line":100,"column":2},"end":{"line":100,"column":35}}]},"14":{"loc":{"start":{"line":162,"column":2},"end":{"line":188,"column":3}},"type":"if","locations":[{"start":{"line":162,"column":2},"end":{"line":188,"column":3}}]},"15":{"loc":{"start":{"line":164,"column":4},"end":{"line":164,"column":97}},"type":"if","locations":[{"start":{"line":164,"column":4},"end":{"line":164,"column":97}}]},"16":{"loc":{"start":{"line":172,"column":6},"end":{"line":172,"column":52}},"type":"if","locations":[{"start":{"line":172,"column":6},"end":{"line":172,"column":52}}]},"17":{"loc":{"start":{"line":177,"column":8},"end":{"line":177,"column":24}},"type":"if","locations":[{"start":{"line":177,"column":8},"end":{"line":177,"column":24}}]},"18":{"loc":{"start":{"line":181,"column":6},"end":{"line":183,"column":7}},"type":"if","locations":[{"start":{"line":181,"column":6},"end":{"line":183,"column":7}}]},"19":{"loc":{"start":{"line":186,"column":29},"end":{"line":186,"column":71}},"type":"cond-expr","locations":[{"start":{"line":186,"column":50},"end":{"line":186,"column":59}},{"start":{"line":186,"column":62},"end":{"line":186,"column":71}}]},"20":{"loc":{"start":{"line":190,"column":2},"end":{"line":196,"column":3}},"type":"if","locations":[{"start":{"line":190,"column":2},"end":{"line":196,"column":3}}]},"21":{"loc":{"start":{"line":198,"column":2},"end":{"line":204,"column":3}},"type":"if","locations":[{"start":{"line":198,"column":2},"end":{"line":204,"column":3}}]},"22":{"loc":{"start":{"line":241,"column":4},"end":{"line":241,"column":30}},"type":"if","locations":[{"start":{"line":241,"column":4},"end":{"line":241,"column":30}}]},"23":{"loc":{"start":{"line":244,"column":4},"end":{"line":244,"column":50}},"type":"if","locations":[{"start":{"line":244,"column":4},"end":{"line":244,"column":50}}]},"24":{"loc":{"start":{"line":246,"column":4},"end":{"line":274,"column":5}},"type":"if","locations":[{"start":{"line":246,"column":4},"end":{"line":274,"column":5}}]},"25":{"loc":{"start":{"line":248,"column":8},"end":{"line":248,"column":61}},"type":"binary-expr","locations":[{"start":{"line":248,"column":8},"end":{"line":248,"column":55}},{"start":{"line":248,"column":59},"end":{"line":248,"column":61}}]},"26":{"loc":{"start":{"line":257,"column":13},"end":{"line":257,"column":55}},"type":"binary-expr","locations":[{"start":{"line":257,"column":13},"end":{"line":257,"column":49}},{"start":{"line":257,"column":53},"end":{"line":257,"column":55}}]},"27":{"loc":{"start":{"line":261,"column":10},"end":{"line":261,"column":66}},"type":"if","locations":[{"start":{"line":261,"column":10},"end":{"line":261,"column":66}}]},"28":{"loc":{"start":{"line":265,"column":30},"end":{"line":265,"column":72}},"type":"cond-expr","locations":[{"start":{"line":265,"column":51},"end":{"line":265,"column":60}},{"start":{"line":265,"column":63},"end":{"line":265,"column":72}}]},"29":{"loc":{"start":{"line":286,"column":2},"end":{"line":289,"column":3}},"type":"if","locations":[{"start":{"line":286,"column":2},"end":{"line":289,"column":3}}]},"30":{"loc":{"start":{"line":306,"column":4},"end":{"line":308,"column":5}},"type":"if","locations":[{"start":{"line":306,"column":4},"end":{"line":308,"column":5}}]},"31":{"loc":{"start":{"line":319,"column":8},"end":{"line":324,"column":9}},"type":"if","locations":[{"start":{"line":319,"column":8},"end":{"line":324,"column":9}},{"start":{"line":322,"column":15},"end":{"line":324,"column":9}}]}},"s":{"0":1,"1":1,"2":1,"3":1,"4":1,"5":1,"6":1,"7":1,"8":1,"9":1,"10":1,"11":1,"12":1,"13":1,"14":1,"15":1,"16":0,"17":0,"18":0,"19":0,"20":0,"21":0,"22":0,"23":0,"24":1,"25":0,"26":0,"27":12,"28":12,"29":2,"30":10,"31":1,"32":9,"33":9,"34":5,"35":5,"36":1,"37":4,"38":4,"39":4,"40":2,"41":2,"42":1,"43":1,"44":2,"45":0,"46":0,"47":0,"48":0,"49":1,"50":0,"51":0,"52":0,"53":0,"54":0,"55":0,"56":0,"57":0,"58":0,"59":0,"60":0,"61":0,"62":0,"63":0,"64":0,"65":0,"66":0,"67":0,"68":0,"69":0,"70":0,"71":0,"72":0,"73":0,"74":0,"75":0,"76":0,"77":0,"78":0,"79":0,"80":0,"81":0,"82":0,"83":0,"84":0,"85":0,"86":0,"87":0,"88":0,"89":0,"90":0,"91":0,"92":0,"93":0,"94":0,"95":0,"96":0,"97":0,"98":0,"99":0,"100":0,"101":0,"102":0,"103":0,"104":0,"105":0,"106":0,"107":0,"108":0,"109":0,"110":0,"111":0,"112":0,"113":0,"114":0,"115":0,"116":0,"117":0,"118":0,"119":0,"120":0,"121":0,"122":0,"123":0,"124":0,"125":0,"126":0,"127":0,"128":0,"129":0,"130":0,"131":0,"132":0,"133":0,"134":0},"f":{"0":0,"1":0,"2":0,"3":0,"4":12,"5":0,"6":0,"7":0,"8":0,"9":0},"b":{"0":[1,1],"1":[1,1],"2":[0],"3":[0,0],"4":[2],"5":[12,11],"6":[1],"7":[5],"8":[1],"9":[5,5],"10":[2],"11":[1],"12":[2,2],"13":[0],"14":[0],"15":[0],"16":[0],"17":[0],"18":[0],"19":[0,0],"20":[0],"21":[0],"22":[0],"23":[0],"24":[0],"25":[0,0],"26":[0,0],"27":[0],"28":[0,0],"29":[0],"30":[0],"31":[0,0]}}
,"/Users/ryan/dev/openbrain/lambda/src/handlers/agent-tasks.ts": {"path":"/Users/ryan/dev/openbrain/lambda/src/handlers/agent-tasks.ts","statementMap":{"0":{"start":{"line":35,"column":0},"end":{"line":35,"column":7}},"1":{"start":{"line":61,"column":0},"end":{"line":61,"column":7}},"2":{"start":{"line":93,"column":0},"end":{"line":93,"column":7}},"3":{"start":{"line":113,"column":0},"end":{"line":113,"column":7}},"4":{"start":{"line":135,"column":0},"end":{"line":135,"column":7}},"5":{"start":{"line":1,"column":0},"end":{"line":1,"column":36}},"6":{"start":{"line":2,"column":0},"end":{"line":2,"column":null}},"7":{"start":{"line":11,"column":19},"end":{"line":11,"column":75}},"8":{"start":{"line":12,"column":12},"end":{"line":12,"column":34}},"9":{"start":{"line":39,"column":17},"end":{"line":39,"column":29}},"10":{"start":{"line":40,"column":14},"end":{"line":40,"column":24}},"11":{"start":{"line":42,"column":2},"end":{"line":56,"column":4}},"12":{"start":{"line":58,"column":2},"end":{"line":58,"column":77}},"13":{"start":{"line":65,"column":17},"end":{"line":70,"column":null}},"14":{"start":{"line":73,"column":16},"end":{"line":81,"column":5}},"15":{"start":{"line":73,"column":52},"end":{"line":81,"column":4}},"16":{"start":{"line":83,"column":2},"end":{"line":83,"column":55}},"17":{"start":{"line":83,"column":26},"end":{"line":83,"column":55}},"18":{"start":{"line":85,"column":2},"end":{"line":90,"column":18}},"19":{"start":{"line":88,"column":8},"end":{"line":88,"column":168}},"20":{"start":{"line":97,"column":2},"end":{"line":107,"column":4}},"21":{"start":{"line":109,"column":2},"end":{"line":109,"column":42}},"22":{"start":{"line":114,"column":17},"end":{"line":120,"column":null}},"23":{"start":{"line":123,"column":2},"end":{"line":132,"column":6}},"24":{"start":{"line":123,"column":45},"end":{"line":132,"column":4}},"25":{"start":{"line":139,"column":32},"end":{"line":139,"column":72}},"26":{"start":{"line":140,"column":2},"end":{"line":150,"column":4}}},"fnMap":{"0":{"name":"handleScheduleTask","decl":{"start":{"line":35,"column":22},"end":{"line":35,"column":40}},"loc":{"start":{"line":37,"column":19},"end":{"line":59,"column":1}}},"1":{"name":"handleListTasks","decl":{"start":{"line":61,"column":22},"end":{"line":61,"column":37}},"loc":{"start":{"line":63,"column":19},"end":{"line":91,"column":1}}},"2":{"name":"(anonymous_11)","decl":{"start":{"line":73,"column":41},"end":{"line":73,"column":42}},"loc":{"start":{"line":73,"column":52},"end":{"line":81,"column":4}}},"3":{"name":"(anonymous_12)","decl":{"start":{"line":87,"column":6},"end":{"line":87,"column":7}},"loc":{"start":{"line":88,"column":8},"end":{"line":88,"column":168}}},"4":{"name":"handleCancelTask","decl":{"start":{"line":93,"column":22},"end":{"line":93,"column":38}},"loc":{"start":{"line":95,"column":19},"end":{"line":110,"column":1}}},"5":{"name":"getAllActiveTasks","decl":{"start":{"line":113,"column":22},"end":{"line":113,"column":39}},"loc":{"start":{"line":113,"column":39},"end":{"line":133,"column":1}}},"6":{"name":"(anonymous_15)","decl":{"start":{"line":123,"column":34},"end":{"line":123,"column":35}},"loc":{"start":{"line":123,"column":45},"end":{"line":132,"column":4}}},"7":{"name":"updateTaskLastRun","decl":{"start":{"line":135,"column":22},"end":{"line":135,"column":39}},"loc":{"start":{"line":137,"column":16},"end":{"line":151,"column":1}}},"8":{"name":"(anonymous_17)","decl":{"start":{"line":139,"column":32},"end":{"line":139,"column":45}},"loc":{"start":{"line":139,"column":32},"end":{"line":139,"column":72}}}},"branchMap":{"0":{"loc":{"start":{"line":11,"column":19},"end":{"line":11,"column":75}},"type":"binary-expr","locations":[{"start":{"line":11,"column":19},"end":{"line":11,"column":48}},{"start":{"line":11,"column":52},"end":{"line":11,"column":75}}]},"1":{"loc":{"start":{"line":73,"column":17},"end":{"line":73,"column":35}},"type":"binary-expr","locations":[{"start":{"line":73,"column":17},"end":{"line":73,"column":29}},{"start":{"line":73,"column":33},"end":{"line":73,"column":35}}]},"2":{"loc":{"start":{"line":74,"column":12},"end":{"line":74,"column":32}},"type":"binary-expr","locations":[{"start":{"line":74,"column":12},"end":{"line":74,"column":26}},{"start":{"line":74,"column":30},"end":{"line":74,"column":32}}]},"3":{"loc":{"start":{"line":75,"column":11},"end":{"line":75,"column":30}},"type":"binary-expr","locations":[{"start":{"line":75,"column":11},"end":{"line":75,"column":24}},{"start":{"line":75,"column":28},"end":{"line":75,"column":30}}]},"4":{"loc":{"start":{"line":76,"column":14},"end":{"line":76,"column":36}},"type":"binary-expr","locations":[{"start":{"line":76,"column":14},"end":{"line":76,"column":30}},{"start":{"line":76,"column":34},"end":{"line":76,"column":36}}]},"5":{"loc":{"start":{"line":77,"column":12},"end":{"line":77,"column":32}},"type":"binary-expr","locations":[{"start":{"line":77,"column":12},"end":{"line":77,"column":26}},{"start":{"line":77,"column":30},"end":{"line":77,"column":32}}]},"6":{"loc":{"start":{"line":78,"column":12},"end":{"line":78,"column":32}},"type":"binary-expr","locations":[{"start":{"line":78,"column":12},"end":{"line":78,"column":26}},{"start":{"line":78,"column":30},"end":{"line":78,"column":32}}]},"7":{"loc":{"start":{"line":79,"column":15},"end":{"line":79,"column":66}},"type":"cond-expr","locations":[{"start":{"line":79,"column":35},"end":{"line":79,"column":59}},{"start":{"line":79,"column":62},"end":{"line":79,"column":66}}]},"8":{"loc":{"start":{"line":80,"column":15},"end":{"line":80,"column":63}},"type":"cond-expr","locations":[{"start":{"line":80,"column":35},"end":{"line":80,"column":59}},{"start":{"line":80,"column":62},"end":{"line":80,"column":63}}]},"9":{"loc":{"start":{"line":83,"column":2},"end":{"line":83,"column":55}},"type":"if","locations":[{"start":{"line":83,"column":2},"end":{"line":83,"column":55}}]},"10":{"loc":{"start":{"line":88,"column":53},"end":{"line":88,"column":124}},"type":"cond-expr","locations":[{"start":{"line":88,"column":67},"end":{"line":88,"column":119}},{"start":{"line":88,"column":122},"end":{"line":88,"column":124}}]},"11":{"loc":{"start":{"line":123,"column":10},"end":{"line":123,"column":28}},"type":"binary-expr","locations":[{"start":{"line":123,"column":10},"end":{"line":123,"column":22}},{"start":{"line":123,"column":26},"end":{"line":123,"column":28}}]},"12":{"loc":{"start":{"line":124,"column":12},"end":{"line":124,"column":32}},"type":"binary-expr","locations":[{"start":{"line":124,"column":12},"end":{"line":124,"column":26}},{"start":{"line":124,"column":30},"end":{"line":124,"column":32}}]},"13":{"loc":{"start":{"line":125,"column":12},"end":{"line":125,"column":32}},"type":"binary-expr","locations":[{"start":{"line":125,"column":12},"end":{"line":125,"column":26}},{"start":{"line":125,"column":30},"end":{"line":125,"column":32}}]},"14":{"loc":{"start":{"line":126,"column":11},"end":{"line":126,"column":30}},"type":"binary-expr","locations":[{"start":{"line":126,"column":11},"end":{"line":126,"column":24}},{"start":{"line":126,"column":28},"end":{"line":126,"column":30}}]},"15":{"loc":{"start":{"line":127,"column":14},"end":{"line":127,"column":36}},"type":"binary-expr","locations":[{"start":{"line":127,"column":14},"end":{"line":127,"column":30}},{"start":{"line":127,"column":34},"end":{"line":127,"column":36}}]},"16":{"loc":{"start":{"line":128,"column":12},"end":{"line":128,"column":32}},"type":"binary-expr","locations":[{"start":{"line":128,"column":12},"end":{"line":128,"column":26}},{"start":{"line":128,"column":30},"end":{"line":128,"column":32}}]},"17":{"loc":{"start":{"line":129,"column":12},"end":{"line":129,"column":32}},"type":"binary-expr","locations":[{"start":{"line":129,"column":12},"end":{"line":129,"column":26}},{"start":{"line":129,"column":30},"end":{"line":129,"column":32}}]},"18":{"loc":{"start":{"line":130,"column":15},"end":{"line":130,"column":66}},"type":"cond-expr","locations":[{"start":{"line":130,"column":35},"end":{"line":130,"column":59}},{"start":{"line":130,"column":62},"end":{"line":130,"column":66}}]},"19":{"loc":{"start":{"line":131,"column":15},"end":{"line":131,"column":63}},"type":"cond-expr","locations":[{"start":{"line":131,"column":35},"end":{"line":131,"column":59}},{"start":{"line":131,"column":62},"end":{"line":131,"column":63}}]}},"s":{"0":2,"1":2,"2":2,"3":2,"4":2,"5":2,"6":2,"7":2,"8":2,"9":1,"10":1,"11":1,"12":1,"13":3,"14":3,"15":2,"16":3,"17":1,"18":2,"19":2,"20":1,"21":1,"22":3,"23":3,"24":2,"25":0,"26":0},"f":{"0":1,"1":3,"2":2,"3":2,"4":1,"5":3,"6":2,"7":0,"8":0},"b":{"0":[2,2],"1":[3,0],"2":[2,0],"3":[2,0],"4":[2,0],"5":[2,0],"6":[2,0],"7":[1,1],"8":[2,0],"9":[1],"10":[1,1],"11":[3,0],"12":[2,0],"13":[2,0],"14":[2,0],"15":[2,0],"16":[2,0],"17":[2,0],"18":[1,1],"19":[2,0]}}
,"/Users/ryan/dev/openbrain/lambda/src/handlers/capture-thought.ts": {"path":"/Users/ryan/dev/openbrain/lambda/src/handlers/capture-thought.ts","statementMap":{"0":{"start":{"line":7,"column":0},"end":{"line":7,"column":7}},"1":{"start":{"line":1,"column":0},"end":{"line":1,"column":36}},"2":{"start":{"line":2,"column":0},"end":{"line":2,"column":59}},"3":{"start":{"line":3,"column":0},"end":{"line":3,"column":55}},"4":{"start":{"line":4,"column":0},"end":{"line":4,"column":68}},"5":{"start":{"line":11,"column":38},"end":{"line":11,"column":42}},"6":{"start":{"line":15,"column":2},"end":{"line":19,"column":3}},"7":{"start":{"line":16,"column":4},"end":{"line":16,"column":25}},"8":{"start":{"line":18,"column":4},"end":{"line":18,"column":54}},"9":{"start":{"line":22,"column":32},"end":{"line":25,"column":4}},"10":{"start":{"line":27,"column":14},"end":{"line":27,"column":26}},"11":{"start":{"line":30,"column":2},"end":{"line":44,"column":5}},"12":{"start":{"line":46,"column":21},"end":{"line":46,"column":51}},"13":{"start":{"line":47,"column":2},"end":{"line":48,"column":55}},"14":{"start":{"line":48,"column":4},"end":{"line":48,"column":55}},"15":{"start":{"line":49,"column":2},"end":{"line":50,"column":62}},"16":{"start":{"line":50,"column":4},"end":{"line":50,"column":62}},"17":{"start":{"line":51,"column":2},"end":{"line":52,"column":74}},"18":{"start":{"line":52,"column":4},"end":{"line":52,"column":74}},"19":{"start":{"line":54,"column":2},"end":{"line":54,"column":22}}},"fnMap":{"0":{"name":"handleCaptureThought","decl":{"start":{"line":7,"column":22},"end":{"line":7,"column":42}},"loc":{"start":{"line":9,"column":19},"end":{"line":55,"column":1}}}},"branchMap":{"0":{"loc":{"start":{"line":11,"column":16},"end":{"line":11,"column":33}},"type":"default-arg","locations":[{"start":{"line":11,"column":24},"end":{"line":11,"column":33}}]},"1":{"loc":{"start":{"line":15,"column":2},"end":{"line":19,"column":3}},"type":"if","locations":[{"start":{"line":15,"column":2},"end":{"line":19,"column":3}},{"start":{"line":17,"column":9},"end":{"line":19,"column":3}}]},"2":{"loc":{"start":{"line":32,"column":8},"end":{"line":32,"column":65}},"type":"binary-expr","locations":[{"start":{"line":32,"column":8},"end":{"line":32,"column":34}},{"start":{"line":32,"column":38},"end":{"line":32,"column":65}}]},"3":{"loc":{"start":{"line":33,"column":8},"end":{"line":33,"column":65}},"type":"binary-expr","locations":[{"start":{"line":33,"column":8},"end":{"line":33,"column":34}},{"start":{"line":33,"column":38},"end":{"line":33,"column":65}}]},"4":{"loc":{"start":{"line":40,"column":8},"end":{"line":43,"column":6}},"type":"binary-expr","locations":[{"start":{"line":40,"column":8},"end":{"line":40,"column":26}},{"start":{"line":40,"column":30},"end":{"line":43,"column":6}}]},"5":{"loc":{"start":{"line":41,"column":20},"end":{"line":41,"column":51}},"type":"binary-expr","locations":[{"start":{"line":41,"column":20},"end":{"line":41,"column":36}},{"start":{"line":41,"column":40},"end":{"line":41,"column":51}}]},"6":{"loc":{"start":{"line":42,"column":10},"end":{"line":42,"column":56}},"type":"binary-expr","locations":[{"start":{"line":42,"column":10},"end":{"line":42,"column":24}},{"start":{"line":42,"column":28},"end":{"line":42,"column":56}}]},"7":{"loc":{"start":{"line":47,"column":2},"end":{"line":48,"column":55}},"type":"if","locations":[{"start":{"line":47,"column":2},"end":{"line":48,"column":55}}]},"8":{"loc":{"start":{"line":49,"column":2},"end":{"line":50,"column":62}},"type":"if","locations":[{"start":{"line":49,"column":2},"end":{"line":50,"column":62}}]},"9":{"loc":{"start":{"line":51,"column":2},"end":{"line":52,"column":74}},"type":"if","locations":[{"start":{"line":51,"column":2},"end":{"line":52,"column":74}}]}},"s":{"0":2,"1":2,"2":2,"3":2,"4":2,"5":8,"6":8,"7":3,"8":5,"9":8,"10":8,"11":8,"12":8,"13":8,"14":5,"15":8,"16":1,"17":8,"18":2,"19":8},"f":{"0":8},"b":{"0":[5],"1":[3,5],"2":[8,5],"3":[8,1],"4":[8,3],"5":[3,1],"6":[3,1],"7":[5],"8":[1],"9":[2]}}
,"/Users/ryan/dev/openbrain/lambda/src/handlers/delete-thought.ts": {"path":"/Users/ryan/dev/openbrain/lambda/src/handlers/delete-thought.ts","statementMap":{"0":{"start":{"line":4,"column":0},"end":{"line":4,"column":7}},"1":{"start":{"line":1,"column":0},"end":{"line":1,"column":62}},"2":{"start":{"line":8,"column":36},"end":{"line":8,"column":40}},"3":{"start":{"line":11,"column":4},"end":{"line":11,"column":60}},"4":{"start":{"line":14,"column":19},"end":{"line":14,"column":49}},"5":{"start":{"line":15,"column":2},"end":{"line":17,"column":3}},"6":{"start":{"line":16,"column":4},"end":{"line":16,"column":50}},"7":{"start":{"line":18,"column":2},"end":{"line":20,"column":3}},"8":{"start":{"line":19,"column":4},"end":{"line":19,"column":70}},"9":{"start":{"line":22,"column":2},"end":{"line":22,"column":36}},"10":{"start":{"line":24,"column":2},"end":{"line":24,"column":33}}},"fnMap":{"0":{"name":"handleDeleteThought","decl":{"start":{"line":4,"column":22},"end":{"line":4,"column":41}},"loc":{"start":{"line":6,"column":19},"end":{"line":25,"column":1}}}},"branchMap":{"0":{"loc":{"start":{"line":8,"column":14},"end":{"line":8,"column":31}},"type":"default-arg","locations":[{"start":{"line":8,"column":22},"end":{"line":8,"column":31}}]},"1":{"loc":{"start":{"line":11,"column":4},"end":{"line":11,"column":60}},"type":"cond-expr","locations":[{"start":{"line":11,"column":25},"end":{"line":11,"column":33}},{"start":{"line":11,"column":36},"end":{"line":11,"column":60}}]},"2":{"loc":{"start":{"line":15,"column":2},"end":{"line":17,"column":3}},"type":"if","locations":[{"start":{"line":15,"column":2},"end":{"line":17,"column":3}}]},"3":{"loc":{"start":{"line":18,"column":2},"end":{"line":20,"column":3}},"type":"if","locations":[{"start":{"line":18,"column":2},"end":{"line":20,"column":3}}]}},"s":{"0":1,"1":1,"2":5,"3":5,"4":5,"5":5,"6":1,"7":4,"8":2,"9":2,"10":2},"f":{"0":5},"b":{"0":[4],"1":[1,4],"2":[1],"3":[2]}}
,"/Users/ryan/dev/openbrain/lambda/src/handlers/search-thoughts.ts": {"path":"/Users/ryan/dev/openbrain/lambda/src/handlers/search-thoughts.ts","statementMap":{"0":{"start":{"line":17,"column":0},"end":{"line":17,"column":7}},"1":{"start":{"line":1,"column":0},"end":{"line":1,"column":59}},"2":{"start":{"line":2,"column":0},"end":{"line":2,"column":null}},"3":{"start":{"line":10,"column":2},"end":{"line":10,"column":41}},"4":{"start":{"line":10,"column":28},"end":{"line":10,"column":41}},"5":{"start":{"line":11,"column":2},"end":{"line":13,"column":3}},"6":{"start":{"line":12,"column":4},"end":{"line":12,"column":96}},"7":{"start":{"line":12,"column":25},"end":{"line":12,"column":42}},"8":{"start":{"line":12,"column":44},"end":{"line":12,"column":85}},"9":{"start":{"line":12,"column":71},"end":{"line":12,"column":85}},"10":{"start":{"line":14,"column":2},"end":{"line":14,"column":12}},"11":{"start":{"line":29,"column":6},"end":{"line":29,"column":10}},"12":{"start":{"line":31,"column":20},"end":{"line":31,"column":50}},"13":{"start":{"line":32,"column":18},"end":{"line":32,"column":52}},"14":{"start":{"line":33,"column":17},"end":{"line":33,"column":53}},"15":{"start":{"line":36,"column":23},"end":{"line":40,"column":null}},"16":{"start":{"line":38,"column":22},"end":{"line":38,"column":71}},"17":{"start":{"line":39,"column":6},"end":{"line":39,"column":61}},"18":{"start":{"line":39,"column":33},"end":{"line":39,"column":58}},"19":{"start":{"line":44,"column":17},"end":{"line":53,"column":20}},"20":{"start":{"line":49,"column":25},"end":{"line":49,"column":50}},"21":{"start":{"line":50,"column":6},"end":{"line":50,"column":37}},"22":{"start":{"line":52,"column":20},"end":{"line":52,"column":57}},"23":{"start":{"line":55,"column":2},"end":{"line":58,"column":66}},"24":{"start":{"line":56,"column":4},"end":{"line":58,"column":66}},"25":{"start":{"line":60,"column":2},"end":{"line":80,"column":3}},"26":{"start":{"line":61,"column":4},"end":{"line":79,"column":7}},"27":{"start":{"line":63,"column":19},"end":{"line":63,"column":35}},"28":{"start":{"line":64,"column":27},"end":{"line":64,"column":72}},"29":{"start":{"line":65,"column":27},"end":{"line":65,"column":85}},"30":{"start":{"line":66,"column":8},"end":{"line":77,"column":10}},"31":{"start":{"line":82,"column":2},"end":{"line":97,"column":4}},"32":{"start":{"line":86,"column":19},"end":{"line":86,"column":35}},"33":{"start":{"line":87,"column":27},"end":{"line":87,"column":73}},"34":{"start":{"line":88,"column":21},"end":{"line":90,"column":21}},"35":{"start":{"line":91,"column":23},"end":{"line":93,"column":18}},"36":{"start":{"line":94,"column":8},"end":{"line":94,"column":120}}},"fnMap":{"0":{"name":"safeParseArray","decl":{"start":{"line":9,"column":9},"end":{"line":9,"column":23}},"loc":{"start":{"line":9,"column":38},"end":{"line":15,"column":1}}},"1":{"name":"handleSearchThoughts","decl":{"start":{"line":17,"column":22},"end":{"line":17,"column":42}},"loc":{"start":{"line":19,"column":19},"end":{"line":98,"column":1}}},"2":{"name":"(anonymous_2)","decl":{"start":{"line":37,"column":16},"end":{"line":37,"column":21}},"loc":{"start":{"line":37,"column":30},"end":{"line":40,"column":5}}},"3":{"name":"(anonymous_3)","decl":{"start":{"line":39,"column":25},"end":{"line":39,"column":26}},"loc":{"start":{"line":39,"column":33},"end":{"line":39,"column":58}}},"4":{"name":"(anonymous_4)","decl":{"start":{"line":46,"column":12},"end":{"line":46,"column":13}},"loc":{"start":{"line":46,"column":18},"end":{"line":51,"column":5}}},"5":{"name":"(anonymous_5)","decl":{"start":{"line":52,"column":10},"end":{"line":52,"column":11}},"loc":{"start":{"line":52,"column":20},"end":{"line":52,"column":57}}},"6":{"name":"(anonymous_6)","decl":{"start":{"line":62,"column":27},"end":{"line":62,"column":28}},"loc":{"start":{"line":62,"column":33},"end":{"line":78,"column":7}}},"7":{"name":"(anonymous_7)","decl":{"start":{"line":85,"column":11},"end":{"line":85,"column":12}},"loc":{"start":{"line":85,"column":17},"end":{"line":95,"column":7}}}},"branchMap":{"0":{"loc":{"start":{"line":10,"column":2},"end":{"line":10,"column":41}},"type":"if","locations":[{"start":{"line":10,"column":2},"end":{"line":10,"column":41}}]},"1":{"loc":{"start":{"line":11,"column":2},"end":{"line":13,"column":3}},"type":"if","locations":[{"start":{"line":11,"column":2},"end":{"line":13,"column":3}}]},"2":{"loc":{"start":{"line":11,"column":6},"end":{"line":11,"column":40}},"type":"binary-expr","locations":[{"start":{"line":11,"column":6},"end":{"line":11,"column":31}},{"start":{"line":11,"column":35},"end":{"line":11,"column":40}}]},"3":{"loc":{"start":{"line":12,"column":44},"end":{"line":12,"column":85}},"type":"if","locations":[{"start":{"line":12,"column":44},"end":{"line":12,"column":85}}]},"4":{"loc":{"start":{"line":23,"column":4},"end":{"line":23,"column":19}},"type":"default-arg","locations":[{"start":{"line":23,"column":16},"end":{"line":23,"column":19}}]},"5":{"loc":{"start":{"line":24,"column":4},"end":{"line":24,"column":14}},"type":"default-arg","locations":[{"start":{"line":24,"column":12},"end":{"line":24,"column":14}}]},"6":{"loc":{"start":{"line":27,"column":4},"end":{"line":27,"column":21}},"type":"default-arg","locations":[{"start":{"line":27,"column":12},"end":{"line":27,"column":21}}]},"7":{"loc":{"start":{"line":49,"column":30},"end":{"line":49,"column":45}},"type":"binary-expr","locations":[{"start":{"line":49,"column":30},"end":{"line":49,"column":40}},{"start":{"line":49,"column":44},"end":{"line":49,"column":45}}]},"8":{"loc":{"start":{"line":52,"column":21},"end":{"line":52,"column":36}},"type":"binary-expr","locations":[{"start":{"line":52,"column":21},"end":{"line":52,"column":31}},{"start":{"line":52,"column":35},"end":{"line":52,"column":36}}]},"9":{"loc":{"start":{"line":52,"column":41},"end":{"line":52,"column":56}},"type":"binary-expr","locations":[{"start":{"line":52,"column":41},"end":{"line":52,"column":51}},{"start":{"line":52,"column":55},"end":{"line":52,"column":56}}]},"10":{"loc":{"start":{"line":55,"column":2},"end":{"line":58,"column":66}},"type":"if","locations":[{"start":{"line":55,"column":2},"end":{"line":58,"column":66}}]},"11":{"loc":{"start":{"line":56,"column":11},"end":{"line":58,"column":65}},"type":"cond-expr","locations":[{"start":{"line":57,"column":8},"end":{"line":57,"column":40}},{"start":{"line":58,"column":8},"end":{"line":58,"column":65}}]},"12":{"loc":{"start":{"line":60,"column":2},"end":{"line":80,"column":3}},"type":"if","locations":[{"start":{"line":60,"column":2},"end":{"line":80,"column":3}}]},"13":{"loc":{"start":{"line":63,"column":19},"end":{"line":63,"column":35}},"type":"binary-expr","locations":[{"start":{"line":63,"column":19},"end":{"line":63,"column":29}},{"start":{"line":63,"column":33},"end":{"line":63,"column":35}}]},"14":{"loc":{"start":{"line":64,"column":44},"end":{"line":64,"column":59}},"type":"binary-expr","locations":[{"start":{"line":64,"column":44},"end":{"line":64,"column":54}},{"start":{"line":64,"column":58},"end":{"line":64,"column":59}}]},"15":{"loc":{"start":{"line":65,"column":27},"end":{"line":65,"column":85}},"type":"cond-expr","locations":[{"start":{"line":65,"column":65},"end":{"line":65,"column":74}},{"start":{"line":65,"column":77},"end":{"line":65,"column":85}}]},"16":{"loc":{"start":{"line":68,"column":19},"end":{"line":68,"column":34}},"type":"binary-expr","locations":[{"start":{"line":68,"column":19},"end":{"line":68,"column":28}},{"start":{"line":68,"column":32},"end":{"line":68,"column":34}}]},"17":{"loc":{"start":{"line":69,"column":16},"end":{"line":69,"column":35}},"type":"binary-expr","locations":[{"start":{"line":69,"column":16},"end":{"line":69,"column":22}},{"start":{"line":69,"column":26},"end":{"line":69,"column":35}}]},"18":{"loc":{"start":{"line":70,"column":18},"end":{"line":70,"column":57}},"type":"cond-expr","locations":[{"start":{"line":70,"column":44},"end":{"line":70,"column":52}},{"start":{"line":70,"column":55},"end":{"line":70,"column":57}}]},"19":{"loc":{"start":{"line":71,"column":18},"end":{"line":71,"column":57}},"type":"cond-expr","locations":[{"start":{"line":71,"column":44},"end":{"line":71,"column":52}},{"start":{"line":71,"column":55},"end":{"line":71,"column":57}}]},"20":{"loc":{"start":{"line":74,"column":22},"end":{"line":74,"column":42}},"type":"binary-expr","locations":[{"start":{"line":74,"column":22},"end":{"line":74,"column":34}},{"start":{"line":74,"column":38},"end":{"line":74,"column":42}}]},"21":{"loc":{"start":{"line":86,"column":19},"end":{"line":86,"column":35}},"type":"binary-expr","locations":[{"start":{"line":86,"column":19},"end":{"line":86,"column":29}},{"start":{"line":86,"column":33},"end":{"line":86,"column":35}}]},"22":{"loc":{"start":{"line":87,"column":34},"end":{"line":87,"column":49}},"type":"binary-expr","locations":[{"start":{"line":87,"column":34},"end":{"line":87,"column":44}},{"start":{"line":87,"column":48},"end":{"line":87,"column":49}}]},"23":{"loc":{"start":{"line":88,"column":21},"end":{"line":90,"column":21}},"type":"cond-expr","locations":[{"start":{"line":89,"column":12},"end":{"line":89,"column":55}},{"start":{"line":90,"column":12},"end":{"line":90,"column":21}}]},"24":{"loc":{"start":{"line":91,"column":23},"end":{"line":93,"column":18}},"type":"cond-expr","locations":[{"start":{"line":92,"column":12},"end":{"line":92,"column":31}},{"start":{"line":93,"column":12},"end":{"line":93,"column":18}}]},"25":{"loc":{"start":{"line":94,"column":52},"end":{"line":94,"column":67}},"type":"binary-expr","locations":[{"start":{"line":94,"column":52},"end":{"line":94,"column":61}},{"start":{"line":94,"column":65},"end":{"line":94,"column":67}}]},"26":{"loc":{"start":{"line":94,"column":78},"end":{"line":94,"column":97}},"type":"binary-expr","locations":[{"start":{"line":94,"column":78},"end":{"line":94,"column":84}},{"start":{"line":94,"column":88},"end":{"line":94,"column":97}}]}},"s":{"0":2,"1":2,"2":2,"3":4,"4":0,"5":4,"6":4,"7":4,"8":4,"9":4,"10":0,"11":9,"12":9,"13":9,"14":9,"15":9,"16":10,"17":10,"18":6,"19":9,"20":6,"21":6,"22":1,"23":9,"24":5,"25":4,"26":2,"27":2,"28":2,"29":2,"30":2,"31":2,"32":3,"33":3,"34":3,"35":3,"36":3},"f":{"0":4,"1":9,"2":10,"3":6,"4":6,"5":1,"6":2,"7":3},"b":{"0":[0],"1":[4],"2":[4,4],"3":[4],"4":[9],"5":[9],"6":[8],"7":[6,0],"8":[1,0],"9":[1,0],"10":[5],"11":[1,4],"12":[2],"13":[2,0],"14":[2,0],"15":[2,0],"16":[2,0],"17":[2,0],"18":[2,0],"19":[0,2],"20":[2,0],"21":[3,0],"22":[3,0],"23":[3,0],"24":[3,0],"25":[3,0],"26":[3,0]}}
,"/Users/ryan/dev/openbrain/lambda/src/handlers/update-thought.ts": {"path":"/Users/ryan/dev/openbrain/lambda/src/handlers/update-thought.ts","statementMap":{"0":{"start":{"line":6,"column":0},"end":{"line":6,"column":7}},"1":{"start":{"line":1,"column":0},"end":{"line":1,"column":59}},"2":{"start":{"line":2,"column":0},"end":{"line":2,"column":55}},"3":{"start":{"line":3,"column":0},"end":{"line":3,"column":59}},"4":{"start":{"line":10,"column":42},"end":{"line":10,"column":46}},"5":{"start":{"line":13,"column":4},"end":{"line":13,"column":60}},"6":{"start":{"line":16,"column":19},"end":{"line":16,"column":49}},"7":{"start":{"line":17,"column":2},"end":{"line":19,"column":3}},"8":{"start":{"line":18,"column":4},"end":{"line":18,"column":50}},"9":{"start":{"line":20,"column":2},"end":{"line":22,"column":3}},"10":{"start":{"line":21,"column":4},"end":{"line":21,"column":68}},"11":{"start":{"line":25,"column":32},"end":{"line":28,"column":4}},"12":{"start":{"line":31,"column":2},"end":{"line":44,"column":5}},"13":{"start":{"line":46,"column":21},"end":{"line":46,"column":50}},"14":{"start":{"line":47,"column":2},"end":{"line":48,"column":55}},"15":{"start":{"line":48,"column":4},"end":{"line":48,"column":55}},"16":{"start":{"line":49,"column":2},"end":{"line":50,"column":62}},"17":{"start":{"line":50,"column":4},"end":{"line":50,"column":62}},"18":{"start":{"line":52,"column":2},"end":{"line":52,"column":22}}},"fnMap":{"0":{"name":"handleUpdateThought","decl":{"start":{"line":6,"column":22},"end":{"line":6,"column":41}},"loc":{"start":{"line":8,"column":19},"end":{"line":53,"column":1}}}},"branchMap":{"0":{"loc":{"start":{"line":10,"column":20},"end":{"line":10,"column":37}},"type":"default-arg","locations":[{"start":{"line":10,"column":28},"end":{"line":10,"column":37}}]},"1":{"loc":{"start":{"line":13,"column":4},"end":{"line":13,"column":60}},"type":"cond-expr","locations":[{"start":{"line":13,"column":25},"end":{"line":13,"column":33}},{"start":{"line":13,"column":36},"end":{"line":13,"column":60}}]},"2":{"loc":{"start":{"line":17,"column":2},"end":{"line":19,"column":3}},"type":"if","locations":[{"start":{"line":17,"column":2},"end":{"line":19,"column":3}}]},"3":{"loc":{"start":{"line":20,"column":2},"end":{"line":22,"column":3}},"type":"if","locations":[{"start":{"line":20,"column":2},"end":{"line":22,"column":3}}]},"4":{"loc":{"start":{"line":33,"column":8},"end":{"line":33,"column":65}},"type":"binary-expr","locations":[{"start":{"line":33,"column":8},"end":{"line":33,"column":34}},{"start":{"line":33,"column":38},"end":{"line":33,"column":65}}]},"5":{"loc":{"start":{"line":34,"column":8},"end":{"line":34,"column":65}},"type":"binary-expr","locations":[{"start":{"line":34,"column":8},"end":{"line":34,"column":34}},{"start":{"line":34,"column":38},"end":{"line":34,"column":65}}]},"6":{"loc":{"start":{"line":36,"column":16},"end":{"line":36,"column":58}},"type":"binary-expr","locations":[{"start":{"line":36,"column":16},"end":{"line":36,"column":44}},{"start":{"line":36,"column":48},"end":{"line":36,"column":58}}]},"7":{"loc":{"start":{"line":40,"column":8},"end":{"line":43,"column":6}},"type":"binary-expr","locations":[{"start":{"line":40,"column":8},"end":{"line":40,"column":26}},{"start":{"line":40,"column":30},"end":{"line":43,"column":6}}]},"8":{"loc":{"start":{"line":41,"column":20},"end":{"line":41,"column":51}},"type":"binary-expr","locations":[{"start":{"line":41,"column":20},"end":{"line":41,"column":36}},{"start":{"line":41,"column":40},"end":{"line":41,"column":51}}]},"9":{"loc":{"start":{"line":42,"column":10},"end":{"line":42,"column":56}},"type":"binary-expr","locations":[{"start":{"line":42,"column":10},"end":{"line":42,"column":24}},{"start":{"line":42,"column":28},"end":{"line":42,"column":56}}]},"10":{"loc":{"start":{"line":47,"column":2},"end":{"line":48,"column":55}},"type":"if","locations":[{"start":{"line":47,"column":2},"end":{"line":48,"column":55}}]},"11":{"loc":{"start":{"line":49,"column":2},"end":{"line":50,"column":62}},"type":"if","locations":[{"start":{"line":49,"column":2},"end":{"line":50,"column":62}}]}},"s":{"0":1,"1":1,"2":1,"3":1,"4":7,"5":7,"6":7,"7":7,"8":1,"9":6,"10":2,"11":4,"12":4,"13":4,"14":4,"15":4,"16":4,"17":1,"18":4},"f":{"0":7},"b":{"0":[6],"1":[1,6],"2":[1],"3":[2],"4":[4,4],"5":[4,1],"6":[4,1],"7":[4,1],"8":[1,0],"9":[1,0],"10":[4],"11":[1]}}
,"/Users/ryan/dev/openbrain/lambda/src/services/embeddings.ts": {"path":"/Users/ryan/dev/openbrain/lambda/src/services/embeddings.ts","statementMap":{"0":{"start":{"line":9,"column":0},"end":{"line":9,"column":7}},"1":{"start":{"line":1,"column":0},"end":{"line":1,"column":null}},"2":{"start":{"line":6,"column":15},"end":{"line":6,"column":43}},"3":{"start":{"line":7,"column":17},"end":{"line":7,"column":81}},"4":{"start":{"line":10,"column":18},"end":{"line":19,"column":4}},"5":{"start":{"line":21,"column":19},"end":{"line":21,"column":45}},"6":{"start":{"line":22,"column":17},"end":{"line":22,"column":68}},"7":{"start":{"line":23,"column":2},"end":{"line":23,"column":26}}},"fnMap":{"0":{"name":"generateEmbedding","decl":{"start":{"line":9,"column":22},"end":{"line":9,"column":39}},"loc":{"start":{"line":9,"column":52},"end":{"line":24,"column":1}}}},"branchMap":{"0":{"loc":{"start":{"line":7,"column":17},"end":{"line":7,"column":81}},"type":"binary-expr","locations":[{"start":{"line":7,"column":17},"end":{"line":7,"column":47}},{"start":{"line":7,"column":51},"end":{"line":7,"column":81}}]}},"s":{"0":4,"1":4,"2":4,"3":4,"4":0,"5":0,"6":0,"7":0},"f":{"0":0},"b":{"0":[4,4]}}
,"/Users/ryan/dev/openbrain/lambda/src/services/metadata.ts": {"path":"/Users/ryan/dev/openbrain/lambda/src/services/metadata.ts","statementMap":{"0":{"start":{"line":19,"column":0},"end":{"line":19,"column":7}},"1":{"start":{"line":1,"column":0},"end":{"line":1,"column":null}},"2":{"start":{"line":7,"column":15},"end":{"line":7,"column":43}},"3":{"start":{"line":9,"column":2},"end":{"line":9,"column":80}},"4":{"start":{"line":11,"column":22},"end":{"line":17,"column":78}},"5":{"start":{"line":22,"column":18},"end":{"line":32,"column":4}},"6":{"start":{"line":34,"column":19},"end":{"line":34,"column":45}},"7":{"start":{"line":35,"column":17},"end":{"line":35,"column":68}},"8":{"start":{"line":37,"column":2},"end":{"line":50,"column":3}},"9":{"start":{"line":38,"column":16},"end":{"line":38,"column":48}},"10":{"start":{"line":40,"column":20},"end":{"line":40,"column":89}},"11":{"start":{"line":41,"column":4},"end":{"line":41,"column":50}},"12":{"start":{"line":43,"column":4},"end":{"line":49,"column":6}}},"fnMap":{"0":{"name":"extractMetadata","decl":{"start":{"line":19,"column":22},"end":{"line":19,"column":37}},"loc":{"start":{"line":20,"column":14},"end":{"line":51,"column":1}}}},"branchMap":{"0":{"loc":{"start":{"line":9,"column":2},"end":{"line":9,"column":80}},"type":"binary-expr","locations":[{"start":{"line":9,"column":2},"end":{"line":9,"column":31}},{"start":{"line":9,"column":35},"end":{"line":9,"column":80}}]}},"s":{"0":3,"1":3,"2":3,"3":3,"4":3,"5":0,"6":0,"7":0,"8":0,"9":0,"10":0,"11":0,"12":0},"f":{"0":0},"b":{"0":[3,3]}}
,"/Users/ryan/dev/openbrain/lambda/src/services/vectors.ts": {"path":"/Users/ryan/dev/openbrain/lambda/src/services/vectors.ts","statementMap":{"0":{"start":{"line":16,"column":0},"end":{"line":16,"column":7}},"1":{"start":{"line":46,"column":0},"end":{"line":46,"column":16}},"2":{"start":{"line":73,"column":0},"end":{"line":73,"column":7}},"3":{"start":{"line":99,"column":0},"end":{"line":99,"column":7}},"4":{"start":{"line":123,"column":0},"end":{"line":123,"column":7}},"5":{"start":{"line":158,"column":0},"end":{"line":158,"column":7}},"6":{"start":{"line":183,"column":0},"end":{"line":183,"column":7}},"7":{"start":{"line":196,"column":0},"end":{"line":196,"column":16}},"8":{"start":{"line":1,"column":0},"end":{"line":1,"column":null}},"9":{"start":{"line":11,"column":15},"end":{"line":11,"column":38}},"10":{"start":{"line":12,"column":22},"end":{"line":12,"column":53}},"11":{"start":{"line":14,"column":21},"end":{"line":14,"column":48}},"12":{"start":{"line":17,"column":20},"end":{"line":17,"column":39}},"13":{"start":{"line":18,"column":2},"end":{"line":18,"column":52}},"14":{"start":{"line":18,"column":35},"end":{"line":18,"column":52}},"15":{"start":{"line":20,"column":2},"end":{"line":40,"column":3}},"16":{"start":{"line":21,"column":4},"end":{"line":36,"column":6}},"17":{"start":{"line":39,"column":4},"end":{"line":39,"column":48}},"18":{"start":{"line":39,"column":40},"end":{"line":39,"column":48}},"19":{"start":{"line":42,"column":2},"end":{"line":42,"column":30}},"20":{"start":{"line":43,"column":2},"end":{"line":43,"column":19}},"21":{"start":{"line":50,"column":2},"end":{"line":57,"column":3}},"22":{"start":{"line":52,"column":6},"end":{"line":52,"column":35}},"23":{"start":{"line":54,"column":6},"end":{"line":54,"column":24}},"24":{"start":{"line":56,"column":6},"end":{"line":56,"column":45}},"25":{"start":{"line":79,"column":2},"end":{"line":96,"column":3}},"26":{"start":{"line":80,"column":19},"end":{"line":89,"column":null}},"27":{"start":{"line":91,"column":4},"end":{"line":91,"column":32}},"28":{"start":{"line":94,"column":4},"end":{"line":94,"column":50}},"29":{"start":{"line":94,"column":40},"end":{"line":94,"column":50}},"30":{"start":{"line":95,"column":4},"end":{"line":95,"column":12}},"31":{"start":{"line":105,"column":2},"end":{"line":117,"column":4}},"32":{"start":{"line":126,"column":59},"end":{"line":126,"column":61}},"33":{"start":{"line":129,"column":2},"end":{"line":153,"column":3}},"34":{"start":{"line":130,"column":4},"end":{"line":148,"column":24}},"35":{"start":{"line":131,"column":21},"end":{"line":137,"column":null}},"36":{"start":{"line":140,"column":6},"end":{"line":145,"column":7}},"37":{"start":{"line":141,"column":8},"end":{"line":144,"column":11}},"38":{"start":{"line":147,"column":6},"end":{"line":147,"column":35}},"39":{"start":{"line":151,"column":4},"end":{"line":151,"column":50}},"40":{"start":{"line":151,"column":40},"end":{"line":151,"column":50}},"41":{"start":{"line":152,"column":4},"end":{"line":152,"column":12}},"42":{"start":{"line":155,"column":2},"end":{"line":155,"column":13}},"43":{"start":{"line":162,"column":2},"end":{"line":180,"column":3}},"44":{"start":{"line":163,"column":19},"end":{"line":169,"column":null}},"45":{"start":{"line":171,"column":19},"end":{"line":171,"column":38}},"46":{"start":{"line":172,"column":4},"end":{"line":172,"column":29}},"47":{"start":{"line":172,"column":17},"end":{"line":172,"column":29}},"48":{"start":{"line":173,"column":4},"end":{"line":176,"column":6}},"49":{"start":{"line":178,"column":4},"end":{"line":178,"column":52}},"50":{"start":{"line":178,"column":40},"end":{"line":178,"column":52}},"51":{"start":{"line":179,"column":4},"end":{"line":179,"column":12}},"52":{"start":{"line":187,"column":2},"end":{"line":193,"column":4}},"53":{"start":{"line":201,"column":44},"end":{"line":201,"column":46}},"54":{"start":{"line":203,"column":2},"end":{"line":205,"column":3}},"55":{"start":{"line":204,"column":4},"end":{"line":204,"column":54}},"56":{"start":{"line":206,"column":2},"end":{"line":208,"column":3}},"57":{"start":{"line":207,"column":4},"end":{"line":207,"column":63}},"58":{"start":{"line":209,"column":2},"end":{"line":211,"column":3}},"59":{"start":{"line":210,"column":4},"end":{"line":210,"column":59}},"60":{"start":{"line":213,"column":2},"end":{"line":213,"column":48}},"61":{"start":{"line":213,"column":31},"end":{"line":213,"column":48}},"62":{"start":{"line":214,"column":2},"end":{"line":214,"column":52}},"63":{"start":{"line":214,"column":31},"end":{"line":214,"column":52}},"64":{"start":{"line":215,"column":2},"end":{"line":215,"column":32}}},"fnMap":{"0":{"name":"ensurePrivateIndex","decl":{"start":{"line":16,"column":22},"end":{"line":16,"column":40}},"loc":{"start":{"line":16,"column":55},"end":{"line":44,"column":1}}},"1":{"name":"resolveIndexes","decl":{"start":{"line":46,"column":16},"end":{"line":46,"column":30}},"loc":{"start":{"line":48,"column":37},"end":{"line":58,"column":1}}},"2":{"name":"queryVectors","decl":{"start":{"line":73,"column":22},"end":{"line":73,"column":34}},"loc":{"start":{"line":77,"column":30},"end":{"line":97,"column":1}}},"3":{"name":"putVector","decl":{"start":{"line":99,"column":22},"end":{"line":99,"column":31}},"loc":{"start":{"line":103,"column":26},"end":{"line":118,"column":1}}},"4":{"name":"listAllVectors","decl":{"start":{"line":123,"column":22},"end":{"line":123,"column":36}},"loc":{"start":{"line":124,"column":19},"end":{"line":156,"column":1}}},"5":{"name":"getVector","decl":{"start":{"line":158,"column":22},"end":{"line":158,"column":31}},"loc":{"start":{"line":160,"column":13},"end":{"line":181,"column":1}}},"6":{"name":"deleteVector","decl":{"start":{"line":183,"column":22},"end":{"line":183,"column":34}},"loc":{"start":{"line":185,"column":13},"end":{"line":194,"column":1}}},"7":{"name":"buildMetadataFilter","decl":{"start":{"line":196,"column":16},"end":{"line":196,"column":35}},"loc":{"start":{"line":200,"column":1},"end":{"line":216,"column":1}}}},"branchMap":{"0":{"loc":{"start":{"line":18,"column":2},"end":{"line":18,"column":52}},"type":"if","locations":[{"start":{"line":18,"column":2},"end":{"line":18,"column":52}}]},"1":{"loc":{"start":{"line":39,"column":4},"end":{"line":39,"column":48}},"type":"if","locations":[{"start":{"line":39,"column":4},"end":{"line":39,"column":48}}]},"2":{"loc":{"start":{"line":50,"column":2},"end":{"line":57,"column":3}},"type":"switch","locations":[{"start":{"line":51,"column":4},"end":{"line":52,"column":35}},{"start":{"line":53,"column":4},"end":{"line":54,"column":24}},{"start":{"line":55,"column":4},"end":{"line":56,"column":45}}]},"3":{"loc":{"start":{"line":86,"column":12},"end":{"line":86,"column":36}},"type":"cond-expr","locations":[{"start":{"line":86,"column":21},"end":{"line":86,"column":31}},{"start":{"line":86,"column":34},"end":{"line":86,"column":36}}]},"4":{"loc":{"start":{"line":91,"column":11},"end":{"line":91,"column":31}},"type":"binary-expr","locations":[{"start":{"line":91,"column":11},"end":{"line":91,"column":25}},{"start":{"line":91,"column":29},"end":{"line":91,"column":31}}]},"5":{"loc":{"start":{"line":94,"column":4},"end":{"line":94,"column":50}},"type":"if","locations":[{"start":{"line":94,"column":4},"end":{"line":94,"column":50}}]},"6":{"loc":{"start":{"line":136,"column":14},"end":{"line":136,"column":44}},"type":"cond-expr","locations":[{"start":{"line":136,"column":26},"end":{"line":136,"column":39}},{"start":{"line":136,"column":42},"end":{"line":136,"column":44}}]},"7":{"loc":{"start":{"line":140,"column":22},"end":{"line":140,"column":42}},"type":"binary-expr","locations":[{"start":{"line":140,"column":22},"end":{"line":140,"column":36}},{"start":{"line":140,"column":40},"end":{"line":140,"column":42}}]},"8":{"loc":{"start":{"line":143,"column":21},"end":{"line":143,"column":37}},"type":"binary-expr","locations":[{"start":{"line":143,"column":21},"end":{"line":143,"column":31}},{"start":{"line":143,"column":35},"end":{"line":143,"column":37}}]},"9":{"loc":{"start":{"line":151,"column":4},"end":{"line":151,"column":50}},"type":"if","locations":[{"start":{"line":151,"column":4},"end":{"line":151,"column":50}}]},"10":{"loc":{"start":{"line":172,"column":4},"end":{"line":172,"column":29}},"type":"if","locations":[{"start":{"line":172,"column":4},"end":{"line":172,"column":29}}]},"11":{"loc":{"start":{"line":175,"column":17},"end":{"line":175,"column":38}},"type":"binary-expr","locations":[{"start":{"line":175,"column":17},"end":{"line":175,"column":32}},{"start":{"line":175,"column":36},"end":{"line":175,"column":38}}]},"12":{"loc":{"start":{"line":178,"column":4},"end":{"line":178,"column":52}},"type":"if","locations":[{"start":{"line":178,"column":4},"end":{"line":178,"column":52}}]},"13":{"loc":{"start":{"line":203,"column":2},"end":{"line":205,"column":3}},"type":"if","locations":[{"start":{"line":203,"column":2},"end":{"line":205,"column":3}}]},"14":{"loc":{"start":{"line":206,"column":2},"end":{"line":208,"column":3}},"type":"if","locations":[{"start":{"line":206,"column":2},"end":{"line":208,"column":3}}]},"15":{"loc":{"start":{"line":209,"column":2},"end":{"line":211,"column":3}},"type":"if","locations":[{"start":{"line":209,"column":2},"end":{"line":211,"column":3}}]},"16":{"loc":{"start":{"line":213,"column":2},"end":{"line":213,"column":48}},"type":"if","locations":[{"start":{"line":213,"column":2},"end":{"line":213,"column":48}}]},"17":{"loc":{"start":{"line":214,"column":2},"end":{"line":214,"column":52}},"type":"if","locations":[{"start":{"line":214,"column":2},"end":{"line":214,"column":52}}]}},"s":{"0":7,"1":7,"2":7,"3":7,"4":7,"5":7,"6":7,"7":7,"8":7,"9":7,"10":7,"11":7,"12":5,"13":5,"14":1,"15":4,"16":4,"17":2,"18":1,"19":3,"20":3,"21":3,"22":1,"23":1,"24":1,"25":0,"26":0,"27":0,"28":0,"29":0,"30":0,"31":0,"32":0,"33":0,"34":0,"35":0,"36":0,"37":0,"38":0,"39":0,"40":0,"41":0,"42":0,"43":4,"44":4,"45":2,"46":2,"47":1,"48":1,"49":2,"50":1,"51":1,"52":3,"53":5,"54":5,"55":2,"56":5,"57":2,"58":5,"59":1,"60":5,"61":1,"62":4,"63":3,"64":1},"f":{"0":5,"1":3,"2":0,"3":0,"4":0,"5":4,"6":3,"7":5},"b":{"0":[1],"1":[1],"2":[1,1,1],"3":[0,0],"4":[0,0],"5":[0],"6":[0,0],"7":[0,0],"8":[0,0],"9":[0],"10":[1],"11":[1,0],"12":[1],"13":[2],"14":[2],"15":[1],"16":[1],"17":[3]}}
}
