TN:
SF:src/agent-runner.ts
FN:37,acquireRunLock
FN:58,releaseRunLock
FN:76,isBlockedUrl
FN:77,(anonymous_3)
FN:80,scheduleToMs
FN:99,isTaskDue
FN:156,executeAgentTool
FN:209,executeTask
FN:248,(anonymous_8)
FN:282,handler
FNF:10
FNH:1
FNDA:0,acquireRunLock
FNDA:0,releaseRunLock
FNDA:0,isBlockedUrl
FNDA:0,(anonymous_3)
FNDA:12,scheduleToMs
FNDA:0,isTaskDue
FNDA:0,executeAgentTool
FNDA:0,executeTask
FNDA:0,(anonymous_8)
FNDA:0,handler
DA:1,1
DA:10,1
DA:15,1
DA:16,1
DA:17,1
DA:25,1
DA:26,1
DA:27,1
DA:29,1
DA:30,1
DA:31,1
DA:33,1
DA:34,1
DA:35,1
DA:38,0
DA:39,0
DA:40,0
DA:51,0
DA:53,0
DA:54,0
DA:59,0
DA:66,1
DA:77,0
DA:80,1
DA:81,12
DA:82,12
DA:83,10
DA:84,9
DA:85,9
DA:86,5
DA:87,5
DA:88,4
DA:90,4
DA:91,4
DA:92,2
DA:93,2
DA:94,1
DA:96,2
DA:100,0
DA:101,0
DA:102,0
DA:105,1
DA:162,0
DA:163,0
DA:164,0
DA:165,0
DA:166,0
DA:171,0
DA:172,0
DA:173,0
DA:174,0
DA:175,0
DA:176,0
DA:177,0
DA:178,0
DA:180,0
DA:181,0
DA:182,0
DA:184,0
DA:186,0
DA:190,0
DA:191,0
DA:192,0
DA:198,0
DA:199,0
DA:200,0
DA:206,0
DA:213,0
DA:214,0
DA:220,0
DA:229,0
DA:230,0
DA:240,0
DA:241,0
DA:242,0
DA:244,0
DA:246,0
DA:248,0
DA:250,0
DA:251,0
DA:252,0
DA:254,0
DA:255,0
DA:261,0
DA:262,0
DA:264,0
DA:268,0
DA:272,0
DA:273,0
DA:276,0
DA:279,0
DA:282,1
DA:283,0
DA:285,0
DA:286,0
DA:287,0
DA:288,0
DA:291,0
DA:293,0
DA:294,0
DA:296,0
DA:297,0
DA:300,0
DA:301,0
DA:304,0
DA:305,0
DA:306,0
DA:307,0
DA:310,0
DA:311,0
DA:316,0
DA:317,0
DA:318,0
DA:319,0
DA:320,0
DA:321,0
DA:323,0
DA:326,0
DA:330,0
DA:332,0
LF:120
LH:32
BRDA:25,0,0,1
BRDA:25,0,1,1
BRDA:35,1,0,1
BRDA:35,1,1,1
BRDA:53,2,0,0
BRDA:53,3,0,0
BRDA:53,3,1,0
BRDA:82,4,0,2
BRDA:82,5,0,12
BRDA:82,5,1,11
BRDA:83,6,0,1
BRDA:85,7,0,5
BRDA:87,8,0,1
BRDA:87,9,0,5
BRDA:87,9,1,5
BRDA:91,10,0,2
BRDA:93,11,0,1
BRDA:93,12,0,2
BRDA:93,12,1,2
BRDA:100,13,0,0
BRDA:162,14,0,0
BRDA:164,15,0,0
BRDA:172,16,0,0
BRDA:177,17,0,0
BRDA:181,18,0,0
BRDA:186,19,0,0
BRDA:186,19,1,0
BRDA:190,20,0,0
BRDA:198,21,0,0
BRDA:241,22,0,0
BRDA:244,23,0,0
BRDA:246,24,0,0
BRDA:248,25,0,0
BRDA:248,25,1,0
BRDA:257,26,0,0
BRDA:257,26,1,0
BRDA:261,27,0,0
BRDA:265,28,0,0
BRDA:265,28,1,0
BRDA:286,29,0,0
BRDA:306,30,0,0
BRDA:319,31,0,0
BRDA:319,31,1,0
BRF:43
BRH:16
end_of_record
TN:
SF:src/handlers/agent-tasks.ts
FN:35,handleScheduleTask
FN:61,handleListTasks
FN:73,(anonymous_11)
FN:87,(anonymous_12)
FN:93,handleCancelTask
FN:113,getAllActiveTasks
FN:123,(anonymous_15)
FN:135,updateTaskLastRun
FN:139,(anonymous_17)
FNF:9
FNH:7
FNDA:1,handleScheduleTask
FNDA:3,handleListTasks
FNDA:2,(anonymous_11)
FNDA:2,(anonymous_12)
FNDA:1,handleCancelTask
FNDA:3,getAllActiveTasks
FNDA:2,(anonymous_15)
FNDA:0,updateTaskLastRun
FNDA:0,(anonymous_17)
DA:1,2
DA:2,2
DA:11,2
DA:12,2
DA:35,2
DA:39,1
DA:40,1
DA:42,1
DA:58,1
DA:61,2
DA:65,3
DA:73,3
DA:83,3
DA:85,2
DA:88,2
DA:93,2
DA:97,1
DA:109,1
DA:113,2
DA:114,3
DA:123,3
DA:135,2
DA:139,0
DA:140,0
LF:24
LH:22
BRDA:11,0,0,2
BRDA:11,0,1,2
BRDA:73,1,0,3
BRDA:73,1,1,0
BRDA:74,2,0,2
BRDA:74,2,1,0
BRDA:75,3,0,2
BRDA:75,3,1,0
BRDA:76,4,0,2
BRDA:76,4,1,0
BRDA:77,5,0,2
BRDA:77,5,1,0
BRDA:78,6,0,2
BRDA:78,6,1,0
BRDA:79,7,0,1
BRDA:79,7,1,1
BRDA:80,8,0,2
BRDA:80,8,1,0
BRDA:83,9,0,1
BRDA:88,10,0,1
BRDA:88,10,1,1
BRDA:123,11,0,3
BRDA:123,11,1,0
BRDA:124,12,0,2
BRDA:124,12,1,0
BRDA:125,13,0,2
BRDA:125,13,1,0
BRDA:126,14,0,2
BRDA:126,14,1,0
BRDA:127,15,0,2
BRDA:127,15,1,0
BRDA:128,16,0,2
BRDA:128,16,1,0
BRDA:129,17,0,2
BRDA:129,17,1,0
BRDA:130,18,0,1
BRDA:130,18,1,1
BRDA:131,19,0,2
BRDA:131,19,1,0
BRF:39
BRH:24
end_of_record
TN:
SF:src/handlers/capture-thought.ts
FN:7,handleCaptureThought
FNF:1
FNH:1
FNDA:8,handleCaptureThought
DA:1,2
DA:2,2
DA:3,2
DA:4,2
DA:7,2
DA:11,8
DA:15,8
DA:16,3
DA:18,5
DA:22,8
DA:27,8
DA:30,8
DA:46,8
DA:47,8
DA:48,5
DA:49,8
DA:50,1
DA:51,8
DA:52,2
DA:54,8
LF:20
LH:20
BRDA:11,0,0,5
BRDA:15,1,0,3
BRDA:15,1,1,5
BRDA:32,2,0,8
BRDA:32,2,1,5
BRDA:33,3,0,8
BRDA:33,3,1,1
BRDA:40,4,0,8
BRDA:40,4,1,3
BRDA:41,5,0,3
BRDA:41,5,1,1
BRDA:42,6,0,3
BRDA:42,6,1,1
BRDA:47,7,0,5
BRDA:49,8,0,1
BRDA:51,9,0,2
BRF:16
BRH:16
end_of_record
TN:
SF:src/handlers/delete-thought.ts
FN:4,handleDeleteThought
FNF:1
FNH:1
FNDA:5,handleDeleteThought
DA:1,1
DA:4,1
DA:8,5
DA:11,5
DA:14,5
DA:15,5
DA:16,1
DA:18,4
DA:19,2
DA:22,2
DA:24,2
LF:11
LH:11
BRDA:8,0,0,4
BRDA:11,1,0,1
BRDA:11,1,1,4
BRDA:15,2,0,1
BRDA:18,3,0,2
BRF:5
BRH:5
end_of_record
TN:
SF:src/handlers/search-thoughts.ts
FN:9,safeParseArray
FN:17,handleSearchThoughts
FN:37,(anonymous_2)
FN:39,(anonymous_3)
FN:46,(anonymous_4)
FN:52,(anonymous_5)
FN:62,(anonymous_6)
FN:85,(anonymous_7)
FNF:8
FNH:8
FNDA:4,safeParseArray
FNDA:9,handleSearchThoughts
FNDA:10,(anonymous_2)
FNDA:6,(anonymous_3)
FNDA:6,(anonymous_4)
FNDA:1,(anonymous_5)
FNDA:2,(anonymous_6)
FNDA:3,(anonymous_7)
DA:1,2
DA:2,2
DA:10,4
DA:11,4
DA:12,4
DA:14,0
DA:17,2
DA:29,9
DA:31,9
DA:32,9
DA:33,9
DA:36,9
DA:38,10
DA:39,10
DA:44,9
DA:49,6
DA:50,6
DA:52,1
DA:55,9
DA:56,5
DA:60,4
DA:61,2
DA:63,2
DA:64,2
DA:65,2
DA:66,2
DA:82,2
DA:86,3
DA:87,3
DA:88,3
DA:91,3
DA:94,3
LF:32
LH:31
BRDA:10,0,0,0
BRDA:11,1,0,4
BRDA:11,2,0,4
BRDA:11,2,1,4
BRDA:12,3,0,4
BRDA:23,4,0,9
BRDA:24,5,0,9
BRDA:27,6,0,8
BRDA:49,7,0,6
BRDA:49,7,1,0
BRDA:52,8,0,1
BRDA:52,8,1,0
BRDA:52,9,0,1
BRDA:52,9,1,0
BRDA:55,10,0,5
BRDA:56,11,0,1
BRDA:56,11,1,4
BRDA:60,12,0,2
BRDA:63,13,0,2
BRDA:63,13,1,0
BRDA:64,14,0,2
BRDA:64,14,1,0
BRDA:65,15,0,2
BRDA:65,15,1,0
BRDA:68,16,0,2
BRDA:68,16,1,0
BRDA:69,17,0,2
BRDA:69,17,1,0
BRDA:70,18,0,2
BRDA:70,18,1,0
BRDA:71,19,0,0
BRDA:71,19,1,2
BRDA:74,20,0,2
BRDA:74,20,1,0
BRDA:86,21,0,3
BRDA:86,21,1,0
BRDA:87,22,0,3
BRDA:87,22,1,0
BRDA:88,23,0,3
BRDA:88,23,1,0
BRDA:91,24,0,3
BRDA:91,24,1,0
BRDA:94,25,0,3
BRDA:94,25,1,0
BRDA:94,26,0,3
BRDA:94,26,1,0
BRF:46
BRH:28
end_of_record
TN:
SF:src/handlers/update-thought.ts
FN:6,handleUpdateThought
FNF:1
FNH:1
FNDA:7,handleUpdateThought
DA:1,1
DA:2,1
DA:3,1
DA:6,1
DA:10,7
DA:13,7
DA:16,7
DA:17,7
DA:18,1
DA:20,6
DA:21,2
DA:25,4
DA:31,4
DA:46,4
DA:47,4
DA:48,4
DA:49,4
DA:50,1
DA:52,4
LF:19
LH:19
BRDA:10,0,0,6
BRDA:13,1,0,1
BRDA:13,1,1,6
BRDA:17,2,0,1
BRDA:20,3,0,2
BRDA:33,4,0,4
BRDA:33,4,1,4
BRDA:34,5,0,4
BRDA:34,5,1,1
BRDA:36,6,0,4
BRDA:36,6,1,1
BRDA:40,7,0,4
BRDA:40,7,1,1
BRDA:41,8,0,1
BRDA:41,8,1,0
BRDA:42,9,0,1
BRDA:42,9,1,0
BRDA:47,10,0,4
BRDA:49,11,0,1
BRF:19
BRH:17
end_of_record
TN:
SF:src/services/embeddings.ts
FN:9,generateEmbedding
FNF:1
FNH:0
FNDA:0,generateEmbedding
DA:1,4
DA:6,4
DA:7,4
DA:9,4
DA:10,0
DA:21,0
DA:22,0
DA:23,0
LF:8
LH:4
BRDA:7,0,0,4
BRDA:7,0,1,4
BRF:2
BRH:2
end_of_record
TN:
SF:src/services/metadata.ts
FN:19,extractMetadata
FNF:1
FNH:0
FNDA:0,extractMetadata
DA:1,3
DA:7,3
DA:9,3
DA:11,3
DA:19,3
DA:22,0
DA:34,0
DA:35,0
DA:37,0
DA:38,0
DA:40,0
DA:41,0
DA:43,0
LF:13
LH:5
BRDA:9,0,0,3
BRDA:9,0,1,3
BRF:2
BRH:2
end_of_record
TN:
SF:src/services/vectors.ts
FN:16,ensurePrivateIndex
FN:46,resolveIndexes
FN:73,queryVectors
FN:99,putVector
FN:123,listAllVectors
FN:158,getVector
FN:183,deleteVector
FN:196,buildMetadataFilter
FNF:8
FNH:5
FNDA:5,ensurePrivateIndex
FNDA:3,resolveIndexes
FNDA:0,queryVectors
FNDA:0,putVector
FNDA:0,listAllVectors
FNDA:4,getVector
FNDA:3,deleteVector
FNDA:5,buildMetadataFilter
DA:1,7
DA:11,7
DA:12,7
DA:14,7
DA:16,7
DA:17,5
DA:18,5
DA:20,4
DA:21,4
DA:39,2
DA:42,3
DA:43,3
DA:46,7
DA:50,3
DA:52,1
DA:54,1
DA:56,1
DA:73,7
DA:79,0
DA:80,0
DA:91,0
DA:94,0
DA:95,0
DA:99,7
DA:105,0
DA:123,7
DA:126,0
DA:129,0
DA:130,0
DA:131,0
DA:140,0
DA:141,0
DA:147,0
DA:151,0
DA:152,0
DA:155,0
DA:158,7
DA:162,4
DA:163,4
DA:171,2
DA:172,2
DA:173,1
DA:178,2
DA:179,1
DA:183,7
DA:187,3
DA:196,7
DA:201,5
DA:203,5
DA:204,2
DA:206,5
DA:207,2
DA:209,5
DA:210,1
DA:213,5
DA:214,4
DA:215,1
LF:57
LH:41
BRDA:18,0,0,1
BRDA:39,1,0,1
BRDA:50,2,0,1
BRDA:50,2,1,1
BRDA:50,2,2,1
BRDA:86,3,0,0
BRDA:86,3,1,0
BRDA:91,4,0,0
BRDA:91,4,1,0
BRDA:94,5,0,0
BRDA:136,6,0,0
BRDA:136,6,1,0
BRDA:140,7,0,0
BRDA:140,7,1,0
BRDA:143,8,0,0
BRDA:143,8,1,0
BRDA:151,9,0,0
BRDA:172,10,0,1
BRDA:175,11,0,1
BRDA:175,11,1,0
BRDA:178,12,0,1
BRDA:203,13,0,2
BRDA:206,14,0,2
BRDA:209,15,0,1
BRDA:213,16,0,1
BRDA:214,17,0,3
BRF:26
BRH:13
end_of_record
